0 info it worked if it ends with ok
1 verbose cli [ 'C:\\Program Files (x86)\\nodejs\\node.exe',
1 verbose cli   'C:\\Program Files (x86)\\nodejs\\node_modules\\npm\\bin\\npm-cli.js',
1 verbose cli   'run-script',
1 verbose cli   'server' ]
2 info using npm@3.3.12
3 info using node@v5.1.0
4 verbose run-script [ 'preserver', 'server', 'postserver' ]
5 info lifecycle ase-nd-utils@0.4.0~preserver: ase-nd-utils@0.4.0
6 silly lifecycle ase-nd-utils@0.4.0~preserver: no script for preserver, continuing
7 info lifecycle ase-nd-utils@0.4.0~server: ase-nd-utils@0.4.0
8 verbose lifecycle ase-nd-utils@0.4.0~server: unsafe-perm in lifecycle true
9 verbose lifecycle ase-nd-utils@0.4.0~server: PATH: C:\Program Files (x86)\nodejs\node_modules\npm\bin\node-gyp-bin;C:\proj\ase-nd-utils\node_modules\.bin;C:\Program Files (x86)\iis express\PHP\v5.3;C:\Program Files (x86)\iis express\PHP\v5.5;C:\ProgramData\Oracle\Java\javapath;C:\WINDOWS\system32;C:\WINDOWS;C:\WINDOWS\System32\Wbem;C:\WINDOWS\System32\WindowsPowerShell\v1.0\;C:\Program Files (x86)\ATI Technologies\ATI.ACE\Core-Static;C:\Program Files (x86)\Windows Kits\8.1\Windows Performance Toolkit\;C:\Program Files\Microsoft SQL Server\110\Tools\Binn\;C:\Program Files (x86)\Microsoft SDKs\TypeScript\1.0\;C:\Program Files\Microsoft SQL Server\120\Tools\Binn\;C:\Program Files (x86)\Git\cmd;C:\Program Files (x86)\Git\bin;C:\Program Files (x86)\Microsoft SQL Server\Client SDK\ODBC\110\Tools\Binn\;C:\Program Files (x86)\Microsoft SQL Server\120\Tools\Binn\;C:\Program Files (x86)\Microsoft SQL Server\120\DTS\Binn\;C:\Program Files (x86)\Microsoft SQL Server\120\Tools\Binn\ManagementStudio\;C:\Program Files (x86)\Windows Live\Shared;C:\Program Files\Microsoft\Web Platform Installer\;C:\Program Files (x86)\GtkSharp\2.12\bin;C:\Users\Roger\.;C:\Program Files (x86)\Skype\Phone\;C:\Program Files (x86)\nodejs\;C:\ProgramData\chocolatey\bin;C:\Program Files\Boot2Docker for Windows;C:\Users\Roger\AppData\Local\atom\bin;C:\Program Files (x86)\Microsoft VS Code\bin;C:\Users\Roger\AppData\Roaming\npm
10 verbose lifecycle ase-nd-utils@0.4.0~server: CWD: C:\proj\ase-nd-utils
11 silly lifecycle ase-nd-utils@0.4.0~server: Args: [ '/d /s /c', 'node src/server' ]
12 silly lifecycle ase-nd-utils@0.4.0~server: Returned: code: 1  signal: null
13 info lifecycle ase-nd-utils@0.4.0~server: Failed to exec server script
14 verbose stack Error: ase-nd-utils@0.4.0 server: `node src/server`
14 verbose stack Exit status 1
14 verbose stack     at EventEmitter.<anonymous> (C:\Program Files (x86)\nodejs\node_modules\npm\lib\utils\lifecycle.js:232:16)
14 verbose stack     at emitTwo (events.js:87:13)
14 verbose stack     at EventEmitter.emit (events.js:172:7)
14 verbose stack     at ChildProcess.<anonymous> (C:\Program Files (x86)\nodejs\node_modules\npm\lib\utils\spawn.js:24:14)
14 verbose stack     at emitTwo (events.js:87:13)
14 verbose stack     at ChildProcess.emit (events.js:172:7)
14 verbose stack     at maybeClose (internal/child_process.js:818:16)
14 verbose stack     at Process.ChildProcess._handle.onexit (internal/child_process.js:211:5)
15 verbose pkgid ase-nd-utils@0.4.0
16 verbose cwd C:\proj\ase-nd-utils
17 error Windows_NT 10.0.10240
18 error argv "C:\\Program Files (x86)\\nodejs\\node.exe" "C:\\Program Files (x86)\\nodejs\\node_modules\\npm\\bin\\npm-cli.js" "run-script" "server"
19 error node v5.1.0
20 error npm  v3.3.12
21 error code ELIFECYCLE
22 error ase-nd-utils@0.4.0 server: `node src/server`
22 error Exit status 1
23 error Failed at the ase-nd-utils@0.4.0 server script 'node src/server'.
23 error Make sure you have the latest version of node.js and npm installed.
23 error If you do, this is most likely a problem with the ase-nd-utils package,
23 error not with npm itself.
23 error Tell the author that this fails on your system:
23 error     node src/server
23 error You can get their info via:
23 error     npm owner ls ase-nd-utils
23 error There is likely additional logging output above.
24 verbose exit [ 1, true ]
